arg: |../libft/srcs/|
addcompletion match: ||
probleme opendir
len |0|
arg: |../libft/srcs/|
addcompletion match: ||
probleme opendir
len |0|
arg: |../libft/srcs/|
addcompletion match: ||
probleme opendir
len |0|
arg: |../libft/srcs/|
addcompletion match: ||
probleme opendir
len |0|
arg: |../libft/srcs/|
addcompletion match: ||
probleme opendir
len |0|
arg: |../libft/srcs/|
addcompletion match: ||
probleme opendir
len |0|
arg: |../libft/srcs/|
addcompletion match: ||
probleme opendir
len |0|
arg: |../libft/srcs/|
addcompletion match: ||
probleme opendir
len |0|
arg: |../libft/srcs/|
addcompletion match: ||
probleme opendir
len |0|
arg: |../libft/srcs/|
addcompletion match: ||
probleme opendir
len |0|
arg: |../libft/srcs/|
addcompletion match: ||
probleme opendir
len |0|
arg: |../libft/srcs/|
addcompletion match: ||
probleme opendir
len |0|
arg: |../libft/srcs/|
addcompletion match: ||
probleme opendir
len |0|
arg: |../libft/srcs/|
addcompletion match: ||
probleme opendir
len |0|
arg: |../libft/srcs/|
addcompletion match: ||
probleme opendir
len |0|
arg: |../libft/srcs/|
addcompletion match: ||
probleme opendir
len |0|
arg: |../libft/srcs/|
addcompletion match: ||
probleme opendir
len |0|
arg: |../libft/srcs/|
addcompletion match: ||
probleme opendir
len |0|
arg: |../libft/srcs/|
addcompletion match: ||
probleme opendir
len |0|
arg: |../libft/srcs/|
addcompletion match: ||
probleme opendir
len |0|
arg: |../libft/srcs/|
addcompletion match: ||
probleme opendir
len |0|
arg: |../libft/srcs/|
addcompletion match: ||
probleme opendir
len |0|
arg: |../libft/srcs/|
addcompletion match: ||
probleme opendir
len |0|
arg: |../libft/|
addcompletion match: ||
probleme opendir
len |0|
arg: |../libft/|
addcompletion match: ||
probleme opendir
len |0|
arg: |../libft/|
addcompletion match: ||
probleme opendir
len |0|
arg: |../libft/|
addcompletion match: ||
probleme opendir
len |0|
arg: |../libft/|
addcompletion match: ||
probleme opendir
len |0|
arg: |../libft/|
addcompletion match: ||
probleme opendir
len |0|
arg: |../libft/|
addcompletion match: ||
probleme opendir
len |0|
arg: |../libft/|
addcompletion match: ||
probleme opendir
len |0|
arg: |../libft/|
addcompletion match: ||
probleme opendir
len |0|
arg: |../libft/|
addcompletion match: ||
probleme opendir
len |0|
arg: |../libft/|
addcompletion match: ||
probleme opendir
len |0|
arg: |../libft/|
addcompletion match: ||
probleme opendir
len |0|
arg: |../libft/|
addcompletion match: ||
probleme opendir
len |0|
arg: |../libft/|
addcompletion match: ||
probleme opendir
len |0|
arg: |../libft|
pathcompletion, |../libft|
i ici vaut: 7
i ici vaut: 2
|..| path match: |libft|
addcompletion match: |libft|
len |1|
arg: |../libft.a|
pathcompletion, |../libft.a|
i ici vaut: 9
i ici vaut: 2
|..| path match: |libft.a|
addcompletion match: |libft.a|
len |1|
arg: |../libft.a|
pathcompletion, |../libft.a|
i ici vaut: 9
i ici vaut: 2
|..| path match: |libft.a|
addcompletion match: |libft.a|
len |1|
arg: |../libft.|
pathcompletion, |../libft.|
i ici vaut: 8
i ici vaut: 2
|..| path match: |libft.|
addcompletion match: |libft.|
len |1|
arg: |../libft|
pathcompletion, |../libft|
i ici vaut: 7
i ici vaut: 2
|..| path match: |libft|
addcompletion match: |libft|
len |1|
arg: |../libft.a|
pathcompletion, |../libft.a|
i ici vaut: 9
i ici vaut: 2
|..| path match: |libft.a|
addcompletion match: |libft.a|
len |1|
arg: |../libf|
pathcompletion, |../libf|
i ici vaut: 6
i ici vaut: 2
|..| path match: |libf|
addcompletion match: |libf|
len |1|
arg: |../libft.a|
pathcompletion, |../libft.a|
i ici vaut: 9
i ici vaut: 2
|..| path match: |libft.a|
addcompletion match: |libft.a|
len |1|
arg: |../|
addcompletion match: ||
len |4|
arg: |../|
addcompletion match: ||
len |4|
arg: |../|
addcompletion match: ||
len |4|
arg: |../|
addcompletion match: ||
len |4|
arg: |../|
addcompletion match: ||
len |4|
arg: |../\|
pathcompletion, |../\|
i ici vaut: 3
i ici vaut: 2
|..| path match: |\|
addcompletion match: |\|
arg: |../\|
pathcompletion, |../\|
i ici vaut: 3
i ici vaut: 2
|..| path match: |\|
addcompletion match: |\|
arg: |../|
addcompletion match: ||
len |4|
arg: |../|
addcompletion match: ||
len |4|
arg: |../|
addcompletion match: ||
len |4|
arg: |../|
addcompletion match: ||
len |4|
arg: |../|
addcompletion match: ||
len |4|
arg: |../includes/|
addcompletion match: ||
len |1|
arg: |../includes/libft.h|
pathcompletion, |../includes/libft.h|
i ici vaut: 18
i ici vaut: 11
|../includes| path match: |libft.h|
addcompletion match: |libft.h|
len |1|
arg: |../includes/libft.h|
pathcompletion, |../includes/libft.h|
i ici vaut: 18
i ici vaut: 11
|../includes| path match: |libft.h|
addcompletion match: |libft.h|
len |1|
arg: |../includes/libft.h|
pathcompletion, |../includes/libft.h|
i ici vaut: 18
i ici vaut: 11
|../includes| path match: |libft.h|
addcompletion match: |libft.h|
len |1|
arg: |../includes/libft.h|
pathcompletion, |../includes/libft.h|
i ici vaut: 18
i ici vaut: 11
|../includes| path match: |libft.h|
addcompletion match: |libft.h|
len |1|
arg: |../includes/libft.h|
pathcompletion, |../includes/libft.h|
i ici vaut: 18
i ici vaut: 11
|../includes| path match: |libft.h|
addcompletion match: |libft.h|
len |1|
arg: |../includes/l|
pathcompletion, |../includes/l|
i ici vaut: 12
i ici vaut: 11
|../includes| path match: |l|
addcompletion match: |l|
len |1|
arg: |../includes/libft.h|
pathcompletion, |../includes/libft.h|
i ici vaut: 18
i ici vaut: 11
|../includes| path match: |libft.h|
addcompletion match: |libft.h|
len |1|
arg: |../includes/libft.h|
pathcompletion, |../includes/libft.h|
i ici vaut: 18
i ici vaut: 11
|../includes| path match: |libft.h|
addcompletion match: |libft.h|
len |1|
arg: |../includes/libft.h|
pathcompletion, |../includes/libft.h|
i ici vaut: 18
i ici vaut: 11
|../includes| path match: |libft.h|
addcompletion match: |libft.h|
len |1|
