firstarg: |~/42sh/srcs/prompt/|
addcompletion match: ||
path avant: |~/42sh/srcs/prompt/| final_path avant ||
path[0] |~|, env_home: |/|
path apres: |~/42sh/srcs/prompt/| final_path apres |/Users/macadelic/42sh/srcs/prompt/|
len |23|
firstarg: |~/42sh/srcs/prompt/|
addcompletion match: ||
path avant: |~/42sh/srcs/prompt/| final_path avant ||
path[0] |~|, env_home: |/|
path apres: |~/42sh/srcs/prompt/| final_path apres |/Users/macadelic/42sh/srcs/prompt/|
len |23|
firstarg: |~/42sh/srcs/prompt/|
addcompletion match: ||
path avant: |~/42sh/srcs/prompt/| final_path avant ||
path[0] |~|, env_home: |/|
path apres: |~/42sh/srcs/prompt/| final_path apres |/Users/macadelic/42sh/srcs/prompt/|
len |23|
firstarg: |~/42sh/srcs/prompt/|
addcompletion match: ||
path avant: |~/42sh/srcs/prompt/| final_path avant ||
path[0] |~|, env_home: |/|
path apres: |~/42sh/srcs/prompt/| final_path apres |/Users/macadelic/42sh/srcs/prompt/|
len |23|
firstarg: |~/42sh/srcs/prompt/|
addcompletion match: ||
path avant: |~/42sh/srcs/prompt/| final_path avant ||
path[0] |~|, env_home: |/|
path apres: |~/42sh/srcs/prompt/| final_path apres |/Users/macadelic/42sh/srcs/prompt/|
len |23|
firstarg: |~/42sh/srcs/prompt/|
addcompletion match: ||
path avant: |~/42sh/srcs/prompt/| final_path avant ||
path[0] |~|, env_home: |/|
path apres: |~/42sh/srcs/prompt/| final_path apres |/Users/macadelic/42sh/srcs/prompt/|
len |23|
firstarg: |~/42sh/srcs/prompt/|
addcompletion match: ||
path avant: |~/42sh/srcs/prompt/| final_path avant ||
path[0] |~|, env_home: |/|
path apres: |~/42sh/srcs/prompt/| final_path apres |/Users/macadelic/42sh/srcs/prompt/|
len |23|
firstarg: |~/42sh/srcs/prompt/|
addcompletion match: ||
path avant: |~/42sh/srcs/prompt/| final_path avant ||
path[0] |~|, env_home: |/|
path apres: |~/42sh/srcs/prompt/| final_path apres |/Users/macadelic/42sh/srcs/prompt/|
len |23|
firstarg: |~/42sh/srcs/prompt/|
addcompletion match: ||
path avant: |~/42sh/srcs/prompt/| final_path avant ||
path[0] |~|, env_home: |/|
path apres: |~/42sh/srcs/prompt/| final_path apres |/Users/macadelic/42sh/srcs/prompt/|
len |23|
firstarg: |~/42sh/srcs/prompt/|
addcompletion match: ||
path avant: |~/42sh/srcs/prompt/| final_path avant ||
path[0] |~|, env_home: |/|
path apres: |~/42sh/srcs/prompt/| final_path apres |/Users/macadelic/42sh/srcs/prompt/|
len |23|
firstarg: |~/42sh/srcs/prompt/|
addcompletion match: ||
path avant: |~/42sh/srcs/prompt/| final_path avant ||
path[0] |~|, env_home: |/|
path apres: |~/42sh/srcs/prompt/| final_path apres |/Users/macadelic/42sh/srcs/prompt/|
len |23|
firstarg: |~/42sh/srcs/prompt/|
addcompletion match: ||
path avant: |~/42sh/srcs/prompt/| final_path avant ||
path[0] |~|, env_home: |/|
path apres: |~/42sh/srcs/prompt/| final_path apres |/Users/macadelic/42sh/srcs/prompt/|
len |23|
firstarg: |~/42sh/srcs/prompt/|
addcompletion match: ||
path avant: |~/42sh/srcs/prompt/| final_path avant ||
path[0] |~|, env_home: |/|
path apres: |~/42sh/srcs/prompt/| final_path apres |/Users/macadelic/42sh/srcs/prompt/|
len |23|
firstarg: |~/42sh/srcs/prompt/|
addcompletion match: ||
path avant: |~/42sh/srcs/prompt/| final_path avant ||
path[0] |~|, env_home: |/|
path apres: |~/42sh/srcs/prompt/| final_path apres |/Users/macadelic/42sh/srcs/prompt/|
len |23|
firstarg: |~/42sh/srcs/prompt/|
addcompletion match: ||
path avant: |~/42sh/srcs/prompt/| final_path avant ||
path[0] |~|, env_home: |/|
path apres: |~/42sh/srcs/prompt/| final_path apres |/Users/macadelic/42sh/srcs/prompt/|
len |23|
firstarg: |~/42sh/srcs/prompt/|
addcompletion match: ||
path avant: |~/42sh/srcs/prompt/| final_path avant ||
path[0] |~|, env_home: |/|
path apres: |~/42sh/srcs/prompt/| final_path apres |/Users/macadelic/42sh/srcs/prompt/|
len |23|
firstarg: |~/42sh/srcs/prompt/|
addcompletion match: ||
path avant: |~/42sh/srcs/prompt/| final_path avant ||
path[0] |~|, env_home: |/|
path apres: |~/42sh/srcs/prompt/| final_path apres |/Users/macadelic/42sh/srcs/prompt/|
len |23|
firstarg: |~/42sh/srcs/prompt/|
addcompletion match: ||
path avant: |~/42sh/srcs/prompt/| final_path avant ||
path[0] |~|, env_home: |/|
path apres: |~/42sh/srcs/prompt/| final_path apres |/Users/macadelic/42sh/srcs/prompt/|
len |23|
firstarg: |~/42sh/srcs/prompt/|
addcompletion match: ||
path avant: |~/42sh/srcs/prompt/| final_path avant ||
path[0] |~|, env_home: |/|
path apres: |~/42sh/srcs/prompt/| final_path apres |/Users/macadelic/42sh/srcs/prompt/|
len |23|
firstarg: |~/42sh/srcs/prompt/|
addcompletion match: ||
path avant: |~/42sh/srcs/prompt/| final_path avant ||
path[0] |~|, env_home: |/|
path apres: |~/42sh/srcs/prompt/| final_path apres |/Users/macadelic/42sh/srcs/prompt/|
len |23|
firstarg: |~/42sh/srcs/prompt/|
addcompletion match: ||
path avant: |~/42sh/srcs/prompt/| final_path avant ||
path[0] |~|, env_home: |/|
path apres: |~/42sh/srcs/prompt/| final_path apres |/Users/macadelic/42sh/srcs/prompt/|
len |23|
firstarg: |~/42sh/srcs/prompt/|
addcompletion match: ||
path avant: |~/42sh/srcs/prompt/| final_path avant ||
path[0] |~|, env_home: |/|
path apres: |~/42sh/srcs/prompt/| final_path apres |/Users/macadelic/42sh/srcs/prompt/|
len |23|
firstarg: |~/42sh/srcs/prompt/|
addcompletion match: ||
path avant: |~/42sh/srcs/prompt/| final_path avant ||
path[0] |~|, env_home: |/|
path apres: |~/42sh/srcs/prompt/| final_path apres |/Users/macadelic/42sh/srcs/prompt/|
len |23|
firstarg: |~/42sh/srcs/prompt/|
addcompletion match: ||
path avant: |~/42sh/srcs/prompt/| final_path avant ||
path[0] |~|, env_home: |/|
path apres: |~/42sh/srcs/prompt/| final_path apres |/Users/macadelic/42sh/srcs/prompt/|
len |23|
firstarg: |~/42sh/srcs/prompt/|
addcompletion match: ||
path avant: |~/42sh/srcs/prompt/| final_path avant ||
path[0] |~|, env_home: |/|
path apres: |~/42sh/srcs/prompt/| final_path apres |/Users/macadelic/42sh/srcs/prompt/|
len |23|
firstarg: |~/42sh/srcs/prompt/|
addcompletion match: ||
path avant: |~/42sh/srcs/prompt/| final_path avant ||
path[0] |~|, env_home: |/|
path apres: |~/42sh/srcs/prompt/| final_path apres |/Users/macadelic/42sh/srcs/prompt/|
len |23|
firstarg: |~/42sh/srcs/prompt/|
addcompletion match: ||
path avant: |~/42sh/srcs/prompt/| final_path avant ||
path[0] |~|, env_home: |/|
path apres: |~/42sh/srcs/prompt/| final_path apres |/Users/macadelic/42sh/srcs/prompt/|
len |23|
firstarg: |~/42sh/srcs/prompt/|
addcompletion match: ||
path avant: |~/42sh/srcs/prompt/| final_path avant ||
path[0] |~|, env_home: |/|
path apres: |~/42sh/srcs/prompt/| final_path apres |/Users/macadelic/42sh/srcs/prompt/|
len |23|
firstarg: |~/42sh/srcs/prompt/|
addcompletion match: ||
path avant: |~/42sh/srcs/prompt/| final_path avant ||
path[0] |~|, env_home: |/|
path apres: |~/42sh/srcs/prompt/| final_path apres |/Users/macadelic/42sh/srcs/prompt/|
len |23|
firstarg: |~/42sh/srcs/prompt/|
addcompletion match: ||
path avant: |~/42sh/srcs/prompt/| final_path avant ||
path[0] |~|, env_home: |/|
path apres: |~/42sh/srcs/prompt/| final_path apres |/Users/macadelic/42sh/srcs/prompt/|
len |23|
firstarg: |~/42sh/srcs/prompt/|
addcompletion match: ||
path avant: |~/42sh/srcs/prompt/| final_path avant ||
path[0] |~|, env_home: |/|
path apres: |~/42sh/srcs/prompt/| final_path apres |/Users/macadelic/42sh/srcs/prompt/|
len |23|
firstarg: |~/42sh/srcs/prompt/|
addcompletion match: ||
path avant: |~/42sh/srcs/prompt/| final_path avant ||
path[0] |~|, env_home: |/|
path apres: |~/42sh/srcs/prompt/| final_path apres |/Users/macadelic/42sh/srcs/prompt/|
len |23|
firstarg: |~/42sh/srcs/prompt/|
addcompletion match: ||
path avant: |~/42sh/srcs/prompt/| final_path avant ||
path[0] |~|, env_home: |/|
path apres: |~/42sh/srcs/prompt/| final_path apres |/Users/macadelic/42sh/srcs/prompt/|
len |23|
firstarg: |~/42sh/srcs/prompt/|
addcompletion match: ||
path avant: |~/42sh/srcs/prompt/| final_path avant ||
path[0] |~|, env_home: |/|
path apres: |~/42sh/srcs/prompt/| final_path apres |/Users/macadelic/42sh/srcs/prompt/|
len |23|
firstarg: |~/42sh/srcs/prompt/|
addcompletion match: ||
path avant: |~/42sh/srcs/prompt/| final_path avant ||
path[0] |~|, env_home: |/|
path apres: |~/42sh/srcs/prompt/| final_path apres |/Users/macadelic/42sh/srcs/prompt/|
len |23|
firstarg: |~/42sh/srcs/prompt/|
addcompletion match: ||
path avant: |~/42sh/srcs/prompt/| final_path avant ||
path[0] |~|, env_home: |/|
path apres: |~/42sh/srcs/prompt/| final_path apres |/Users/macadelic/42sh/srcs/prompt/|
len |23|
firstarg: |~/42sh/srcs/prompt/|
addcompletion match: ||
path avant: |~/42sh/srcs/prompt/| final_path avant ||
path[0] |~|, env_home: |/|
path apres: |~/42sh/srcs/prompt/| final_path apres |/Users/macadelic/42sh/srcs/prompt/|
len |23|
firstarg: |~/42sh/srcs/prompt/|
addcompletion match: ||
path avant: |~/42sh/srcs/prompt/| final_path avant ||
path[0] |~|, env_home: |/|
path apres: |~/42sh/srcs/prompt/| final_path apres |/Users/macadelic/42sh/srcs/prompt/|
len |23|
firstarg: |~/42sh/srcs/prompt/|
addcompletion match: ||
path avant: |~/42sh/srcs/prompt/| final_path avant ||
path[0] |~|, env_home: |/|
path apres: |~/42sh/srcs/prompt/| final_path apres |/Users/macadelic/42sh/srcs/prompt/|
len |23|
firstarg: |~/42sh/srcs/prompt/|
addcompletion match: ||
path avant: |~/42sh/srcs/prompt/| final_path avant ||
path[0] |~|, env_home: |/|
path apres: |~/42sh/srcs/prompt/| final_path apres |/Users/macadelic/42sh/srcs/prompt/|
len |23|
firstarg: |~/42sh/srcs/prompt/|
addcompletion match: ||
path avant: |~/42sh/srcs/prompt/| final_path avant ||
path[0] |~|, env_home: |/|
path apres: |~/42sh/srcs/prompt/| final_path apres |/Users/macadelic/42sh/srcs/prompt/|
len |23|
firstarg: |~/42sh/srcs/prompt/|
addcompletion match: ||
path avant: |~/42sh/srcs/prompt/| final_path avant ||
path[0] |~|, env_home: |/|
path apres: |~/42sh/srcs/prompt/| final_path apres |/Users/macadelic/42sh/srcs/prompt/|
len |23|
firstarg: |~/42sh/srcs/prompt/|
addcompletion match: ||
path avant: |~/42sh/srcs/prompt/| final_path avant ||
path[0] |~|, env_home: |/|
path apres: |~/42sh/srcs/prompt/| final_path apres |/Users/macadelic/42sh/srcs/prompt/|
len |23|
firstarg: |~/4|
match: |~/4|
pathbin: |/Library/Frameworks/Python.framework/Versions/3.7/bin|
pathbin: |/usr/local/bin|
pathbin: |/usr/bin|
pathbin: |/bin|
pathbin: |/usr/sbin|
pathbin: |/sbin|
pathcompletion, |~/4|
i ici vaut: 2
i ici vaut: 1
|~| path match: |4|
len |3|
firstarg: |~/42|
match: |~/42|
pathbin: |/Library/Frameworks/Python.framework/Versions/3.7/bin|
pathbin: |/usr/local/bin|
pathbin: |/usr/bin|
pathbin: |/bin|
pathbin: |/usr/sbin|
pathbin: |/sbin|
pathcompletion, |~/42|
i ici vaut: 3
i ici vaut: 1
|~| path match: |42|
len |3|
firstarg: |~/42|
match: |~/42|
pathbin: |/Library/Frameworks/Python.framework/Versions/3.7/bin|
pathbin: |/usr/local/bin|
pathbin: |/usr/bin|
pathbin: |/bin|
pathbin: |/usr/sbin|
pathbin: |/sbin|
pathcompletion, |~/42|
i ici vaut: 3
i ici vaut: 1
|~| path match: |42|
len |3|
firstarg: |~/42|
match: |~/42|
pathbin: |/Library/Frameworks/Python.framework/Versions/3.7/bin|
pathbin: |/usr/local/bin|
pathbin: |/usr/bin|
pathbin: |/bin|
pathbin: |/usr/sbin|
pathbin: |/sbin|
pathcompletion, |~/42|
i ici vaut: 3
i ici vaut: 1
|~| path match: |42|
len |3|
firstarg: |~/42|
match: |~/42|
pathbin: |/Library/Frameworks/Python.framework/Versions/3.7/bin|
pathbin: |/usr/local/bin|
pathbin: |/usr/bin|
pathbin: |/bin|
pathbin: |/usr/sbin|
pathbin: |/sbin|
pathcompletion, |~/42|
i ici vaut: 3
i ici vaut: 1
|~| path match: |42|
len |3|
firstarg: |~/42|
match: |~/42|
pathbin: |/Library/Frameworks/Python.framework/Versions/3.7/bin|
pathbin: |/usr/local/bin|
pathbin: |/usr/bin|
pathbin: |/bin|
pathbin: |/usr/sbin|
pathbin: |/sbin|
pathcompletion, |~/42|
i ici vaut: 3
i ici vaut: 1
|~| path match: |42|
len |3|
firstarg: |~/42sh/|
len |8|
firstarg: |~/42sh/|
len |8|
firstarg: |~/42sh/|
len |8|
firstarg: |~/42sh/|
len |8|
firstarg: |~/42sh/|
len |8|
firstarg: |~/42sh/|
len |8|
firstarg: |~/42sh/|
len |8|
firstarg: |~/42sh/|
len |8|
firstarg: |~/42sh/srcs/|
len |5|
firstarg: |~/42sh/srcs/|
len |5|
firstarg: |~/42sh/srcs/|
len |5|
firstarg: |~/42sh/srcs/|
len |5|
firstarg: |~/42sh/srcs/prompt/|
len |23|
firstarg: |~/42sh/srcs/prompt/|
len |23|
firstarg: |~/42sh/srcs/prompt/|
len |23|
firstarg: |~/42sh/srcs/prompt/|
len |23|
firstarg: |~/42sh/srcs/prompt/|
len |23|
firstarg: |~/42|
match: |~/42|
pathbin: |/Library/Frameworks/Python.framework/Versions/3.7/bin|
pathbin: |/usr/local/bin|
pathbin: |/usr/bin|
pathbin: |/bin|
pathbin: |/usr/sbin|
pathbin: |/sbin|
pathcompletion, |~/42|
i ici vaut: 3
i ici vaut: 1
|~| path match: |42|
len |3|
firstarg: |~/42|
match: |~/42|
pathbin: |/Library/Frameworks/Python.framework/Versions/3.7/bin|
pathbin: |/usr/local/bin|
pathbin: |/usr/bin|
pathbin: |/bin|
pathbin: |/usr/sbin|
pathbin: |/sbin|
pathcompletion, |~/42|
i ici vaut: 3
i ici vaut: 1
|~| path match: |42|
len |3|
firstarg: |~/42|
match: |~/42|
pathbin: |/Library/Frameworks/Python.framework/Versions/3.7/bin|
pathbin: |/usr/local/bin|
pathbin: |/usr/bin|
pathbin: |/bin|
pathbin: |/usr/sbin|
pathbin: |/sbin|
pathcompletion, |~/42|
i ici vaut: 3
i ici vaut: 1
|~| path match: |42|
len |3|
firstarg: |~/42sh/|
len |8|
firstarg: |~/42sh/|
len |8|
firstarg: |~/42sh/|
len |8|
firstarg: |~/42sh/|
len |8|
firstarg: |~/42sh/|
len |8|
firstarg: |~/42sh/|
len |8|
firstarg: |~/42sh/|
len |8|
firstarg: |~/42sh/|
len |8|
firstarg: |~/42sh/srcs/|
len |5|
firstarg: |~/42sh/srcs/|
len |5|
firstarg: |~/42sh/srcs/|
len |5|
firstarg: |~/42sh/srcs/|
len |5|
firstarg: |~/42sh/srcs/prompt/|
len |23|
firstarg: |~/42sh/srcs/prompt/|
len |23|
firstarg: |~/42sh/srcs/prompt/|
len |23|
firstarg: |~/42sh/srcs/prompt/|
len |23|
firstarg: |~/42sh/srcs/prompt/|
len |23|
firstarg: |~/42sh/srcs/prompt/|
len |23|
firstarg: |~/42sh/srcs/prompt/|
len |23|
firstarg: |~/42sh/srcs/prompt/|
len |23|
firstarg: |~/42sh/srcs/prompt/|
len |23|
firstarg: |~/42sh/srcs/prompt/|
len |23|
firstarg: |~/42sh/srcs/prompt/|
len |23|
firstarg: |~/42sh/srcs/prompt/|
len |23|
firstarg: |~/42sh/srcs/prompt/|
len |23|
firstarg: |~/42sh/srcs/prompt/|
len |23|
firstarg: |~/42sh/srcs/prompt/|
len |23|
firstarg: |~/42sh/srcs/prompt/|
len |23|
firstarg: |~/42sh/srcs/prompt/|
len |23|
firstarg: |~/42sh/srcs/prompt/|
len |23|
firstarg: |~/42sh/srcs/prompt/|
len |23|
firstarg: |~/42sh/srcs/prompt/|
len |23|
firstarg: |~/42sh/srcs/prompt/|
len |23|
firstarg: |~/42sh/srcs/prompt/|
len |23|
firstarg: |~/42sh/srcs/prompt/|
len |23|
firstarg: |~/42sh/srcs/prompt/|
len |23|
firstarg: |~/42sh/srcs/prompt/|
len |23|
firstarg: |~/42sh/srcs/prompt/|
len |23|
firstarg: |~/42sh/srcs/prompt/|
len |23|
firstarg: |~/42sh/srcs/prompt/|
len |23|
firstarg: |~/42sh/srcs/prompt/|
len |23|
firstarg: |~/42sh/srcs/prompt/|
len |23|
firstarg: |~/42sh/srcs/prompt/|
len |23|
firstarg: |~/42sh/srcs/prompt/|
len |23|
firstarg: |~/42sh/srcs/prompt/|
len |23|
firstarg: |~/42sh/srcs/prompt/|
len |23|
firstarg: |~/42sh/srcs/prompt/|
len |23|
firstarg: |~/42sh/srcs/prompt/|
len |23|
firstarg: |~/42sh/srcs/prompt/|
len |23|
firstarg: |~/42sh/srcs/prompt/|
len |23|
firstarg: |~/42sh/srcs/prompt/|
len |23|
firstarg: |~/42sh/srcs/prompt/|
len |23|
firstarg: |~/42sh/srcs/prompt/|
len |23|
firstarg: |~/42sh/srcs/prompt/|
len |23|
firstarg: |~/42sh/srcs/prompt/|
len |23|
firstarg: |~/42sh/srcs/prompt/|
len |23|
firstarg: |~/42sh/srcs/prompt/|
len |23|
firstarg: |~/42sh/srcs/prompt/|
len |23|
firstarg: |~/42sh/srcs/prompt/|
len |23|
firstarg: |~/42sh/srcs/prompt/|
len |23|
firstarg: |~/42sh/srcs/prompt/|
len |23|
firstarg: |~/42sh/srcs/prompt/|
len |23|
firstarg: |~/42sh/srcs/prompt/|
len |23|
firstarg: |~/42sh/srcs/prompt/|
len |23|
firstarg: |~/42sh/srcs/prompt/|
len |23|
firstarg: |~/42sh/srcs/prompt/|
len |23|
firstarg: |~/42sh/srcs/prompt/|
len |23|
firstarg: |~/42sh/srcs/prompt/|
len |23|
firstarg: |~/42sh/srcs/prompt/|
len |23|
firstarg: |~/42sh/srcs/prompt/|
len |23|
firstarg: |~/42sh/srcs/prompt/|
len |23|
firstarg: |~/42sh/srcs/prompt/|
len |23|
firstarg: |~/42sh/srcs/prompt/|
len |23|
firstarg: |~/42sh/srcs/prompt/|
len |23|
firstarg: |~/42sh/srcs/prompt/|
len |23|
firstarg: |~/42sh/srcs/prompt/|
len |23|
firstarg: |~/42sh/srcs/prompt/|
len |23|
firstarg: |~/42sh/srcs/prompt/|
len |23|
firstarg: |~/42sh/srcs/prompt/|
len |23|
firstarg: |~/42|
match: |~/42|
pathbin: |/Library/Frameworks/Python.framework/Versions/3.7/bin|
pathbin: |/usr/local/bin|
pathbin: |/usr/bin|
pathbin: |/bin|
pathbin: |/usr/sbin|
pathbin: |/sbin|
pathcompletion, |~/42|
i ici vaut: 3
i ici vaut: 1
|~| path match: |42|
len |3|
firstarg: |~/42|
match: |~/42|
pathbin: |/Library/Frameworks/Python.framework/Versions/3.7/bin|
pathbin: |/usr/local/bin|
pathbin: |/usr/bin|
pathbin: |/bin|
pathbin: |/usr/sbin|
pathbin: |/sbin|
pathcompletion, |~/42|
i ici vaut: 3
i ici vaut: 1
|~| path match: |42|
len |3|
firstarg: |~/42|
match: |~/42|
pathbin: |/Library/Frameworks/Python.framework/Versions/3.7/bin|
pathbin: |/usr/local/bin|
pathbin: |/usr/bin|
pathbin: |/bin|
pathbin: |/usr/sbin|
pathbin: |/sbin|
pathcompletion, |~/42|
i ici vaut: 3
i ici vaut: 1
|~| path match: |42|
len |3|
firstarg: |./src|
match: |./src|
pathbin: |/Library/Frameworks/Python.framework/Versions/3.7/bin|
pathbin: |/usr/local/bin|
pathbin: |/usr/bin|
pathbin: |/bin|
pathbin: |/usr/sbin|
pathbin: |/sbin|
pathcompletion, |./src|
i ici vaut: 4
i ici vaut: 1
|.| path match: |src|
len |1|
firstarg: |./srcs/pro|
match: |./srcs/pro|
pathbin: |/Library/Frameworks/Python.framework/Versions/3.7/bin|
pathbin: |/usr/local/bin|
pathbin: |/usr/bin|
pathbin: |/bin|
pathbin: |/usr/sbin|
pathbin: |/sbin|
pathcompletion, |./srcs/pro|
i ici vaut: 9
i ici vaut: 6
|./srcs| path match: |pro|
len |1|
firstarg: |./srcs/prompt/|
len |23|
firstarg: |./srcs/prompt/|
len |23|
firstarg: |./srcs/prompt/|
len |23|
firstarg: |./srcs/prompt/|
len |23|
firstarg: |./srcs/prompt/|
len |23|
firstarg: |./srcs/prompt/|
len |23|
firstarg: |./srcs/prompt/|
len |23|
firstarg: |./srcs/prompt/|
len |23|
firstarg: |./srcs/prompt/|
len |23|
firstarg: |./srcs/prompt/|
len |23|
firstarg: |./srcs/prompt/|
len |23|
firstarg: |./srcs/prompt/|
len |23|
firstarg: |./srcs/prompt/|
len |23|
firstarg: |./srcs/prompt/|
len |23|
firstarg: |./srcs/prompt/|
len |23|
firstarg: |./srcs/prompt/|
len |23|
firstarg: |./srcs/prompt/|
len |23|
firstarg: |./srcs/prompt/|
len |23|
firstarg: |./srcs/prompt/|
len |23|
firstarg: |./srcs/prompt/|
len |23|
firstarg: |./srcs/prompt/|
len |23|
firstarg: |./srcs/prompt/|
len |23|
firstarg: |./srcs/prompt/|
len |23|
firstarg: |./srcs/prompt/|
len |23|
firstarg: |./srcs/prompt/|
len |23|
firstarg: |./srcs/prompt/|
len |23|
firstarg: |./srcs/prompt/|
len |23|
firstarg: |./srcs/prompt/|
len |23|
firstarg: |./srcs/prompt/|
len |23|
firstarg: |./srcs/prompt/|
len |23|
firstarg: |./srcs/prompt/|
len |23|
firstarg: |./srcs/prompt/|
len |23|
firstarg: |./srcs/prompt/|
len |23|
firstarg: |./srcs/prompt/|
len |23|
firstarg: |./srcs/prompt/|
len |23|
firstarg: |./srcs/prompt/|
len |23|
firstarg: |./srcs/prompt/|
len |23|
firstarg: |./srcs/prompt/|
len |23|
firstarg: |./srcs/prompt/|
len |23|
firstarg: |./srcs/prom|
match: |./srcs/prom|
pathbin: |/Library/Frameworks/Python.framework/Versions/3.7/bin|
pathbin: |/usr/local/bin|
pathbin: |/usr/bin|
pathbin: |/bin|
pathbin: |/usr/sbin|
pathbin: |/sbin|
pathcompletion, |./srcs/prom|
i ici vaut: 10
i ici vaut: 6
|./srcs| path match: |prom|
len |1|
firstarg: |./srcs/prompt/|
len |23|
firstarg: |./srcs/prompt/|
len |23|
firstarg: |./srcs/prompt/|
len |23|
firstarg: |./srcs/prompt/|
len |23|
firstarg: |./srcs/prompt/|
len |23|
firstarg: |./srcs/prompt/|
len |23|
firstarg: |./srcs/prompt/|
len |23|
firstarg: |./srcs/prompt/|
len |23|
firstarg: |./srcs/prompt/|
len |23|
firstarg: |./srcs/prompt/|
len |23|
firstarg: |./srcs/prompt/|
len |23|
firstarg: |./srcs/prompt/|
len |23|
firstarg: |./srcs/prompt/|
len |23|
firstarg: |./srcs/prompt/|
len |23|
firstarg: |./srcs/prompt/|
len |23|
firstarg: |./srcs/prompt/|
len |23|
firstarg: |./srcs/prompt/|
len |23|
firstarg: |./srcs/prompt/|
len |23|
firstarg: |./srcs/prompt/|
len |23|
firstarg: |./srcs/prompt/|
len |23|
firstarg: |./srcs/prompt/|
len |23|
firstarg: |./srcs/prompt/|
len |23|
firstarg: |./srcs/prompt/|
len |23|
firstarg: |./srcs/prompt/|
len |23|
firstarg: |./srcs/prompt/|
len |23|
firstarg: |./srcs/prompt/|
len |23|
firstarg: |./srcs/prompt/|
len |23|
firstarg: |./srcs/prompt/|
len |23|
firstarg: |./srcs/prompt/|
len |23|
firstarg: |./srcs/prompt/|
len |23|
firstarg: |./srcs/prompt/|
len |23|
firstarg: |./srcs/prompt/|
len |23|
firstarg: |./srcs/prompt/|
len |23|
firstarg: |./srcs/prompt/|
len |23|
firstarg: |./srcs/prompt/|
len |23|
firstarg: |./srcs/prompt/|
len |23|
firstarg: |./srcs/prompt/|
len |23|
firstarg: |./srcs/prompt/|
len |23|
firstarg: |./srcs/prompt/|
len |23|
firstarg: |./srcs/prompt/|
len |23|
firstarg: |./srcs/prompt/|
len |23|
firstarg: |./srcs/prompt/|
len |23|
firstarg: |./srcs/prompt/|
len |23|
firstarg: |./srcs/prompt/|
len |23|
firstarg: |./srcs/prompt/|
len |23|
firstarg: |./srcs/prompt/|
len |23|
firstarg: |./srcs/prompt/|
len |23|
firstarg: |./srcs/prompt/|
len |23|
firstarg: |./srcs/prompt/|
len |23|
firstarg: |./srcs/prompt/|
len |23|
firstarg: |./srcs/prompt/|
len |23|
firstarg: |./srcs/prompt/|
len |23|
firstarg: |./srcs/prompt/|
len |23|
firstarg: |./srcs/prompt/|
len |23|
firstarg: |./srcs/prompt/|
len |23|
firstarg: |./srcs/prompt/|
len |23|
firstarg: |./srcs/prompt/|
len |23|
firstarg: |./srcs/prompt/|
len |23|
firstarg: |./srcs/prompt/|
len |23|
firstarg: |./srcs/prompt/|
len |23|
firstarg: |./srcs/prompt/|
len |23|
firstarg: |./srcs/prompt/|
len |23|
firstarg: |./srcs/prompt/|
len |23|
firstarg: |./srcs/prompt/|
len |23|
firstarg: |./srcs/prompt/|
len |23|
firstarg: |./srcs/prompt/|
len |23|
firstarg: |./srcs/prompt/|
len |23|
firstarg: |./srcs/prompt/|
len |23|
firstarg: |./srcs/prompt/|
len |23|
firstarg: |./srcs/prompt/|
len |23|
firstarg: |./srcs/prompt/|
len |23|
firstarg: |./srcs/prompt/|
len |23|
firstarg: |./srcs/prompt/|
len |23|
firstarg: |./srcs/prompt/|
len |23|
firstarg: |./srcs/prompt/|
len |23|
firstarg: |./srcs/prompt/|
len |23|
firstarg: |./srcs/prompt/|
len |23|
firstarg: |./srcs/prompt/|
len |23|
firstarg: |./srcs/prompt/|
len |23|
firstarg: |./srcs/prompt/|
len |23|
firstarg: |./srcs/prompt/|
len |23|
firstarg: |./srcs/prompt/|
len |23|
firstarg: |./srcs/prompt/|
len |23|
firstarg: |./srcs/prompt/|
len |23|
firstarg: |./srcs/prompt/|
len |23|
firstarg: |./srcs/prompt/|
len |23|
firstarg: |./srcs/prompt/|
len |23|
firstarg: |./srcs/prompt/|
len |23|
firstarg: |./srcs/prompt/|
len |23|
firstarg: |./srcs/prompt/|
len |23|
firstarg: |./srcs/prompt/|
len |23|
firstarg: |./srcs/prompt/|
len |23|
firstarg: |./srcs/prompt/|
len |23|
firstarg: |./srcs/prompt/|
len |23|
firstarg: |./srcs/prompt/|
len |23|
firstarg: |./srcs/prompt/|
len |23|
firstarg: |./srcs/prompt/|
len |23|
firstarg: |./srcs/prompt/|
len |23|
firstarg: |./srcs/prompt/|
len |23|
firstarg: |./srcs/prompt/|
len |23|
firstarg: |./srcs/prompt/|
len |23|
firstarg: |./srcs/prompt/|
len |23|
firstarg: |./srcs/prompt/|
len |23|
firstarg: |./srcs/prompt/|
len |23|
firstarg: |./srcs/prompt/|
len |23|
firstarg: |./srcs/prompt/|
len |23|
firstarg: |./srcs/prompt/|
len |23|
firstarg: |./srcs/prompt/|
len |23|
firstarg: |./srcs/prompt/|
len |23|
firstarg: |./srcs/prompt/|
len |23|
firstarg: |./srcs/prompt/|
len |23|
firstarg: |./srcs/prompt/|
len |23|
firstarg: |./srcs/prompt/|
len |23|
firstarg: |./srcs/prompt/|
len |23|
firstarg: |./srcs/prompt/|
len |23|
firstarg: |./srcs/prompt/|
len |23|
firstarg: |./srcs/prompt/|
len |23|
firstarg: |./srcs/prompt/|
len |23|
firstarg: |./srcs/prompt/|
len |23|
firstarg: |./srcs/prompt/|
len |23|
firstarg: |./srcs/prompt/|
len |23|
firstarg: |./srcs/prompt/|
len |23|
firstarg: |./srcs/prompt/|
len |23|
firstarg: |./srcs/prompt/|
len |23|
firstarg: |./srcs/prompt/|
len |23|
firstarg: |./srcs/prompt/|
len |23|
firstarg: |./srcs/prompt/|
len |23|
firstarg: |./srcs/prompt/|
len |23|
firstarg: |./srcs/prompt/|
len |23|
firstarg: |./srcs/prompt/|
len |23|
firstarg: |./srcs/prompt/|
len |23|
firstarg: |./srcs/prompt/|
len |23|
firstarg: |./srcs/prompt/|
len |23|
firstarg: |./srcs/prompt/|
len |23|
firstarg: |./srcs/prompt/|
len |23|
firstarg: |./srcs/prompt/|
len |23|
firstarg: |./srcs/prompt/|
len |23|
firstarg: |./srcs/prompt/|
len |23|
firstarg: |./srcs/prompt/|
len |23|
firstarg: |./srcs/prompt/|
len |23|
firstarg: |./srcs/prompt/|
len |23|
firstarg: |./srcs/prompt/|
len |23|
firstarg: |./srcs/prompt/|
len |23|
firstarg: |./srcs/prompt/|
len |23|
firstarg: |./srcs/prompt/|
len |23|
firstarg: |./srcs/prompt/|
len |23|
firstarg: |./srcs/prompt/|
len |23|
firstarg: |./srcs/prompt/|
len |23|
firstarg: |./srcs/prompt/|
len |23|
firstarg: |./srcs/prompt/|
len |23|
firstarg: |./srcs/prompt/|
len |23|
firstarg: |./srcs/prompt/|
len |23|
firstarg: |./srcs/prompt/|
len |23|
firstarg: |./srcs/prompt/|
len |23|
firstarg: |./srcs/prompt/|
len |23|
firstarg: |./srcs/prompt/|
len |23|
firstarg: |./srcs/prompt/|
len |23|
firstarg: |./srcs/prompt/|
len |23|
firstarg: |./srcs/prompt/|
len |23|
firstarg: |./srcs/prompt/|
len |23|
firstarg: |./srcs/prompt/|
len |23|
firstarg: |./srcs/prompt/|
len |23|
firstarg: |./srcs/prompt/|
len |23|
firstarg: |./srcs/prompt/|
len |23|
firstarg: |./srcs/prompt/|
len |23|
firstarg: |./srcs/prompt/|
len |23|
firstarg: |./srcs/prompt/|
len |23|
firstarg: |./srcs/prompt/|
len |23|
firstarg: |./srcs/prompt/|
len |23|
firstarg: |./srcs/prompt/|
len |23|
firstarg: |./srcs/prompt/|
len |23|
firstarg: |./srcs/prompt/|
len |23|
firstarg: |./srcs/prompt/|
len |23|
firstarg: |./srcs/prompt/|
len |23|
firstarg: |./srcs/prompt/|
len |23|
firstarg: |./srcs/prompt/|
len |23|
firstarg: |./srcs/prompt/|
len |23|
firstarg: |./srcs/prompt/|
len |23|
firstarg: |./srcs/prompt/|
len |23|
firstarg: |./srcs/prompt/|
len |23|
firstarg: |./srcs/prompt/|
len |23|
firstarg: |./srcs/prompt/|
len |23|
firstarg: |./srcs/prompt/|
len |23|
firstarg: |./srcs/prompt/|
len |23|
firstarg: |./srcs/prompt/|
len |23|
firstarg: |./srcs/prompt/|
len |23|
firstarg: |./srcs/prompt/|
len |23|
firstarg: |./srcs/prompt/|
len |23|
firstarg: |./srcs/prompt/|
len |23|
firstarg: |./srcs/prompt/|
len |23|
firstarg: |./srcs/prompt/|
len |23|
firstarg: |./srcs/prompt/|
len |23|
firstarg: |./srcs/prompt/|
len |23|
firstarg: |./srcs/prompt/|
len |23|
firstarg: |./srcs/prompt/|
len |23|
firstarg: |./srcs/prompt/|
len |23|
firstarg: |./srcs/prompt/|
len |23|
firstarg: |./srcs/prompt/|
len |23|
firstarg: |./srcs/prompt/|
len |23|
firstarg: |./srcs/prompt/|
len |23|
firstarg: |./srcs/prompt/|
len |23|
firstarg: |./srcs/prompt/|
len |23|
firstarg: |./srcs/prompt/|
len |23|
firstarg: |./srcs/prompt/|
len |23|
firstarg: |./srcs/prompt/|
len |23|
firstarg: |./srcs/prompt/|
len |23|
firstarg: |./srcs/prompt/|
len |23|
firstarg: |./srcs/prompt/|
len |23|
firstarg: |./srcs/prompt/|
len |23|
firstarg: |./srcs/prompt/|
len |23|
firstarg: |./srcs/prompt/|
len |23|
firstarg: |./srcs/prompt/|
len |23|
firstarg: |./srcs/prompt/|
len |23|
firstarg: |./srcs/prompt/|
len |23|
firstarg: |./srcs/prompt/|
len |23|
firstarg: |./srcs/prompt/|
len |23|
firstarg: |./srcs/prompt/|
len |23|
firstarg: |./srcs/prompt/|
len |23|
firstarg: |./srcs/prompt/|
len |23|
firstarg: |./srcs/prompt/|
len |23|
firstarg: |./srcs/prompt/|
len |23|
firstarg: |./srcs/prompt/|
len |23|
firstarg: |./srcs/prompt/|
len |23|
firstarg: |./srcs/prompt/|
len |23|
firstarg: |./srcs/prompt/|
len |23|
firstarg: |./srcs/prompt/|
len |23|
firstarg: |./srcs/prompt/|
len |23|
firstarg: |./srcs/prompt/|
len |23|
firstarg: |./srcs/prompt/|
len |23|
firstarg: |./srcs/prompt/|
len |23|
firstarg: |./srcs/prompt/|
len |23|
firstarg: |./srcs/prompt/|
len |23|
firstarg: |./srcs/prompt/|
len |23|
firstarg: |./srcs/prompt/|
len |23|
firstarg: |./srcs/prompt/|
len |23|
firstarg: |./srcs/prompt/|
len |23|
firstarg: |./srcs/prompt/|
len |23|
firstarg: |./srcs/prompt/|
len |23|
firstarg: |./srcs/prompt/|
len |23|
firstarg: |./srcs/prompt/|
len |23|
