space 
addcompletion match: ||
len |6|
space 
addcompletion match: ||
len |6|
space 
addcompletion match: ||
len |6|
arg: |../|
addcompletion match: ||
len |8|
arg: |../|
addcompletion match: ||
len |8|
arg: |../|
addcompletion match: ||
len |8|
arg: |../|
addcompletion match: ||
len |8|
arg: |../libft/|
addcompletion match: ||
len |4|
arg: |../libft/|
addcompletion match: ||
len |4|
arg: |../libft/|
addcompletion match: ||
len |4|
arg: |../libft/|
addcompletion match: ||
len |4|
arg: |../libft/srcs/|
addcompletion match: ||
len |94|
arg: |../libft/srcs/|
addcompletion match: ||
len |94|
arg: |../libft/srcs/|
addcompletion match: ||
len |94|
arg: |../libft/srcs/|
addcompletion match: ||
len |94|
